2016-02-16T21:31:04+00:00 - MERGED:
 - jquery-ui-core - /wp-includes/js/jquery/ui/core.min.js
 - jquery-ui-widget - /wp-includes/js/jquery/ui/widget.min.js
 - jquery-ui-mouse - /wp-includes/js/jquery/ui/mouse.min.js
 - jquery-ui-resizable - /wp-includes/js/jquery/ui/resizable.min.js
 - jquery-ui-draggable - /wp-includes/js/jquery/ui/draggable.min.js
 - jquery-ui-button - /wp-includes/js/jquery/ui/button.min.js
 - jquery-ui-position - /wp-includes/js/jquery/ui/position.min.js
 - jquery-ui-dialog - /wp-includes/js/jquery/ui/dialog.min.js
 - wpdialogs - /wp-includes/js/wpdialog.min.js - unminified version used
 - admin-bar - /wp-includes/js/admin-bar.min.js - unminified version used
 - greensock - http://localhost:8888/wp-content/plugins/LayerSlider/static/js/greensock.js
 - layerslider - http://localhost:8888/wp-content/plugins/LayerSlider/static/js/layerslider.kreaturamedia.jquery.js
 - layerslider-transitions - http://localhost:8888/wp-content/plugins/LayerSlider/static/js/layerslider.transitions.js
 - tp-tools - http://localhost:8888/wp-content/plugins/revslider/public/assets/js/jquery.themepunch.tools.min.js
 - revmin - http://localhost:8888/wp-content/plugins/revslider/public/assets/js/jquery.themepunch.revolution.min.js
 - twentysixteen-html5 - http://localhost:8888/wp-content/themes/twentysixteen/js/html5.js
2016-02-16T21:31:08+00:00 - COMPRESSING JS WITH CLOSURE
2016-02-16T21:31:08+00:00 - COMPRESSION FAILED
array(1) {
  [0]=>
  string(44) "No Java runtime present, requesting install."
}
